c:\users\zirconix\desktop\computer science\c++ projects\3611_pfinal\3611_pfinal\debug\vc140.pdb
c:\users\zirconix\desktop\computer science\c++ projects\3611_pfinal\3611_pfinal\debug\vc140.idb
c:\users\zirconix\desktop\computer science\c++ projects\3611_pfinal\3611_pfinal\debug\functions.nativecodeanalysis.xml
c:\users\zirconix\desktop\computer science\c++ projects\3611_pfinal\3611_pfinal\debug\interval.nativecodeanalysis.xml
c:\users\zirconix\desktop\computer science\c++ projects\3611_pfinal\3611_pfinal\debug\main.nativecodeanalysis.xml
c:\users\zirconix\desktop\computer science\c++ projects\3611_pfinal\3611_pfinal\debug\matrix.nativecodeanalysis.xml
c:\users\zirconix\desktop\computer science\c++ projects\3611_pfinal\3611_pfinal\debug\matrixbase.nativecodeanalysis.xml
c:\users\zirconix\desktop\computer science\c++ projects\3611_pfinal\3611_pfinal\debug\model.nativecodeanalysis.xml
c:\users\zirconix\desktop\computer science\c++ projects\3611_pfinal\3611_pfinal\debug\modelbase.nativecodeanalysis.xml
c:\users\zirconix\desktop\computer science\c++ projects\3611_pfinal\3611_pfinal\debug\problems.nativecodeanalysis.xml
c:\users\zirconix\desktop\computer science\c++ projects\3611_pfinal\3611_pfinal\debug\space1d.nativecodeanalysis.xml
c:\users\zirconix\desktop\computer science\c++ projects\3611_pfinal\3611_pfinal\debug\space2d.nativecodeanalysis.xml
c:\users\zirconix\desktop\computer science\c++ projects\3611_pfinal\3611_pfinal\debug\space2d.obj
c:\users\zirconix\desktop\computer science\c++ projects\3611_pfinal\3611_pfinal\debug\space1d.obj
c:\users\zirconix\desktop\computer science\c++ projects\3611_pfinal\3611_pfinal\debug\problems.obj
c:\users\zirconix\desktop\computer science\c++ projects\3611_pfinal\3611_pfinal\debug\modelbase.obj
c:\users\zirconix\desktop\computer science\c++ projects\3611_pfinal\3611_pfinal\debug\model.obj
c:\users\zirconix\desktop\computer science\c++ projects\3611_pfinal\3611_pfinal\debug\matrixbase.obj
c:\users\zirconix\desktop\computer science\c++ projects\3611_pfinal\3611_pfinal\debug\matrix.obj
c:\users\zirconix\desktop\computer science\c++ projects\3611_pfinal\3611_pfinal\debug\main.obj
c:\users\zirconix\desktop\computer science\c++ projects\3611_pfinal\3611_pfinal\debug\interval.obj
c:\users\zirconix\desktop\computer science\c++ projects\3611_pfinal\3611_pfinal\debug\functions.obj
c:\users\zirconix\desktop\computer science\c++ projects\3611_pfinal\debug\3611_pfinal.ilk
c:\users\zirconix\desktop\computer science\c++ projects\3611_pfinal\debug\3611_pfinal.exe
c:\users\zirconix\desktop\computer science\c++ projects\3611_pfinal\debug\3611_pfinal.pdb
c:\users\zirconix\desktop\computer science\c++ projects\3611_pfinal\3611_pfinal\debug\nativecodeanalysis.read.1.tlog
c:\users\zirconix\desktop\computer science\c++ projects\3611_pfinal\3611_pfinal\debug\vc.nativecodeanalysis.all.xml
c:\users\zirconix\desktop\computer science\c++ projects\3611_pfinal\debug\3611_pfinal.exe.lastcodeanalysissucceeded
c:\users\zirconix\desktop\computer science\c++ projects\3611_pfinal\3611_pfinal\debug\3611_pfinal.tlog\cl.command.1.tlog
c:\users\zirconix\desktop\computer science\c++ projects\3611_pfinal\3611_pfinal\debug\3611_pfinal.tlog\cl.read.1.tlog
c:\users\zirconix\desktop\computer science\c++ projects\3611_pfinal\3611_pfinal\debug\3611_pfinal.tlog\cl.write.1.tlog
c:\users\zirconix\desktop\computer science\c++ projects\3611_pfinal\3611_pfinal\debug\3611_pfinal.tlog\link.command.1.tlog
c:\users\zirconix\desktop\computer science\c++ projects\3611_pfinal\3611_pfinal\debug\3611_pfinal.tlog\link.read.1.tlog
c:\users\zirconix\desktop\computer science\c++ projects\3611_pfinal\3611_pfinal\debug\3611_pfinal.tlog\link.write.1.tlog
